Flutter crash report; please file at https://github.com/flutter/flutter/issues.

## command

flutter --quiet assemble --depfile C:\Users\AUB\material-components-flutter-codelabs\mdc_100_series\build\app\intermediates\flutter\debug/flutter_build.d --output C:\Users\AUB\material-components-flutter-codelabs\mdc_100_series\build\app\intermediates\flutter\debug -dTargetFile=C:\Users\AUB\material-components-flutter-codelabs\mdc_100_series\lib\main.dart -dTargetPlatform=android -dBuildMode=debug debug_android_application

## exception

FileSystemException: FileSystemException: Cannot open file, path = 'C:\Users\AUB\material-components-flutter-codelabs\mdc_100_series\build\app\intermediates\flutter\debug/flutter_build.d' (OS Error: The system cannot find the path specified.
, errno = 3)

```
#0      _File.throwIfError (dart:io/file_impl.dart:645:7)
#1      _File.openSync (dart:io/file_impl.dart:489:5)
#2      _File.writeAsBytesSync (dart:io/file_impl.dart:614:31)
#3      _File.writeAsStringSync (dart:io/file_impl.dart:638:5)
#4      ForwardingFile.writeAsStringSync (package:file/src/forwarding/forwarding_file.dart:154:16)
#5      ErrorHandlingFile.writeAsStringSync.<anonymous closure> (package:flutter_tools/src/base/error_handling_file_system.dart:137:22)
#6      ErrorHandlingFile._runSync (package:flutter_tools/src/base/error_handling_file_system.dart:163:16)
#7      ErrorHandlingFile.writeAsStringSync (package:flutter_tools/src/base/error_handling_file_system.dart:136:5)
#8      DepfileService.writeToFile (package:flutter_tools/src/build_system/depfile.dart:42:12)
#9      AssembleCommand.runCommand (package:flutter_tools/src/commands/assemble.dart:219:22)
<asynchronous suspension>
#10     FlutterCommand.verifyThenRunCommand (package:flutter_tools/src/runner/flutter_command.dart:722:18)
<asynchronous suspension>
#11     FlutterCommand.run.<anonymous closure> (package:flutter_tools/src/runner/flutter_command.dart:619:33)
<asynchronous suspension>
#12     FlutterCommand.run.<anonymous closure> (package:flutter_tools/src/runner/flutter_command.dart)
#13     AppContext.run.<anonymous closure> (package:flutter_tools/src/base/context.dart:150:29)
#14     _rootRun (dart:async/zone.dart:1184:13)
#15     _CustomZone.run (dart:async/zone.dart:1077:19)
#16     _runZoned (dart:async/zone.dart:1619:10)
#17     runZoned (dart:async/zone.dart:1539:10)
#18     AppContext.run (package:flutter_tools/src/base/context.dart:149:18)
#19     FlutterCommand.run (package:flutter_tools/src/runner/flutter_command.dart:609:20)
#20     CommandRunner.runCommand (package:args/command_runner.dart:197:27)
#21     FlutterCommandRunner.runCommand.<anonymous closure> (package:flutter_tools/src/runner/flutter_command_runner.dart:339:21)
<asynchronous suspension>
#22     FlutterCommandRunner.runCommand.<anonymous closure> (package:flutter_tools/src/runner/flutter_command_runner.dart)
#23     AppContext.run.<anonymous closure> (package:flutter_tools/src/base/context.dart:150:29)
#24     _rootRun (dart:async/zone.dart:1184:13)
#25     _CustomZone.run (dart:async/zone.dart:1077:19)
#26     _runZoned (dart:async/zone.dart:1619:10)
#27     runZoned (dart:async/zone.dart:1539:10)
#28     AppContext.run (package:flutter_tools/src/base/context.dart:149:18)
#29     FlutterCommandRunner.runCommand (package:flutter_tools/src/runner/flutter_command_runner.dart:288:19)
#30     CommandRunner.run.<anonymous closure> (package:args/command_runner.dart:112:25)
#31     new Future.sync (dart:async/future.dart:224:31)
#32     CommandRunner.run (package:args/command_runner.dart:112:14)
#33     FlutterCommandRunner.run (package:flutter_tools/src/runner/flutter_command_runner.dart:231:18)
#34     run.<anonymous closure>.<anonymous closure> (package:flutter_tools/runner.dart:63:22)
#35     _rootRun (dart:async/zone.dart:1184:13)
#36     _CustomZone.run (dart:async/zone.dart:1077:19)
#37     _runZoned (dart:async/zone.dart:1619:10)
#38     runZonedGuarded (dart:async/zone.dart:1608:12)
#39     runZoned (dart:async/zone.dart:1536:12)
#40     run.<anonymous closure> (package:flutter_tools/runner.dart:61:18)
<asynchronous suspension>
#41     run.<anonymous closure> (package:flutter_tools/runner.dart)
#42     runInContext.runnerWrapper (package:flutter_tools/src/context_runner.dart:64:18)
<asynchronous suspension>
#43     runInContext.runnerWrapper (package:flutter_tools/src/context_runner.dart)
#44     AppContext.run.<anonymous closure> (package:flutter_tools/src/base/context.dart:150:29)
#45     _rootRun (dart:async/zone.dart:1184:13)
#46     _CustomZone.run (dart:async/zone.dart:1077:19)
#47     _runZoned (dart:async/zone.dart:1619:10)
#48     runZoned (dart:async/zone.dart:1539:10)
#49     AppContext.run (package:flutter_tools/src/base/context.dart:149:18)
#50     runInContext (package:flutter_tools/src/context_runner.dart:67:24)
#51     run (package:flutter_tools/runner.dart:48:10)
#52     main (package:flutter_tools/executable.dart:69:9)
#53     main (file:///C:/b/s/w/ir/k/archive/flutter/packages/flutter_tools/bin/flutter_tools.dart:8:3)
#54     _startIsolate.<anonymous closure> (dart:isolate-patch/isolate_patch.dart:299:32)
#55     _RawReceivePortImpl._handleMessage (dart:isolate-patch/isolate_patch.dart:168:12)
```

## flutter doctor

```
[✓] Flutter (Channel stable, v1.17.0, on Microsoft Windows [Version 6.1.7601], locale fr-FR)
    • Flutter version 1.17.0 at C:\flutter
    • Framework revision e6b34c2b5c (3 weeks ago), 2020-05-02 11:39:18 -0700
    • Engine revision 540786dd51
    • Dart version 2.8.1

[!] Android toolchain - develop for Android devices (Android SDK version 29.0.2)
    • Android SDK at C:\Users\AUB\AppData\Local\Android\sdk
    • Platform android-29, build-tools 29.0.2
    • Java binary at: C:\Program Files\Android\Android Studio\jre\bin\java
    • Java version OpenJDK Runtime Environment (build 1.8.0_202-release-1483-b03)
    ! Some Android licenses not accepted.  To resolve this, run: flutter doctor --android-licenses

[!] Android Studio (version 3.5)
    • Android Studio at C:\Program Files\Android\Android Studio
    ✗ Flutter plugin not installed; this adds Flutter specific functionality.
    ✗ Dart plugin not installed; this adds Dart specific functionality.
    • Java version OpenJDK Runtime Environment (build 1.8.0_202-release-1483-b03)

[!] IntelliJ IDEA Ultimate Edition (version 2019.3)
    • IntelliJ at C:\Program Files\JetBrains\IntelliJ IDEA 2019.3.4
    ✗ Flutter plugin not installed; this adds Flutter specific functionality.
    ✗ Dart plugin not installed; this adds Dart specific functionality.
    • For information about installing plugins, see
      https://flutter.dev/intellij-setup/#installing-the-plugins

[✓] VS Code (version 1.45.1)
    • VS Code at C:\Users\AUB\AppData\Local\Programs\Microsoft VS Code
    • Flutter extension version 3.10.2

[!] Connected device
    ! No devices available

! Doctor found issues in 4 categories.
```
